<?xml version="1.0" encoding="UTF-8"?>
<!-- Generated by org.testng.reporters.JUnitReportReporter -->
<testsuite hostname="LIN-5CG1200926" failures="0" tests="1" name="TestRunner.Runner" time="50.224" errors="0" timestamp="2024-04-18T10:05:15 IST" skipped="0">
  <testcase classname="TestRunner.Runner" name="runScenario" time="50.224"/>
</testsuite> <!-- TestRunner.Runner -->
